                                      1 ;--------------------------------------------------------
                                      2 ; File Created by SDCC : free open source ISO C Compiler 
                                      3 ; Version 4.4.0 #14620 (MINGW64)
                                      4 ;--------------------------------------------------------
                                      5 	.module Keypad
                                      6 	.optsdcc -mmcs51 --model-small
                                      7 	
                                      8 ;--------------------------------------------------------
                                      9 ; Public variables in this module
                                     10 ;--------------------------------------------------------
                                     11 	.globl _CY
                                     12 	.globl _AC
                                     13 	.globl _F0
                                     14 	.globl _RS1
                                     15 	.globl _RS0
                                     16 	.globl _OV
                                     17 	.globl _F1
                                     18 	.globl _P
                                     19 	.globl _PS
                                     20 	.globl _PT1
                                     21 	.globl _PX1
                                     22 	.globl _PT0
                                     23 	.globl _PX0
                                     24 	.globl _RD
                                     25 	.globl _WR
                                     26 	.globl _T1
                                     27 	.globl _T0
                                     28 	.globl _INT1
                                     29 	.globl _INT0
                                     30 	.globl _TXD
                                     31 	.globl _RXD
                                     32 	.globl _P3_7
                                     33 	.globl _P3_6
                                     34 	.globl _P3_5
                                     35 	.globl _P3_4
                                     36 	.globl _P3_3
                                     37 	.globl _P3_2
                                     38 	.globl _P3_1
                                     39 	.globl _P3_0
                                     40 	.globl _EA
                                     41 	.globl _ES
                                     42 	.globl _ET1
                                     43 	.globl _EX1
                                     44 	.globl _ET0
                                     45 	.globl _EX0
                                     46 	.globl _P2_7
                                     47 	.globl _P2_6
                                     48 	.globl _P2_5
                                     49 	.globl _P2_4
                                     50 	.globl _P2_3
                                     51 	.globl _P2_2
                                     52 	.globl _P2_1
                                     53 	.globl _P2_0
                                     54 	.globl _SM0
                                     55 	.globl _SM1
                                     56 	.globl _SM2
                                     57 	.globl _REN
                                     58 	.globl _TB8
                                     59 	.globl _RB8
                                     60 	.globl _TI
                                     61 	.globl _RI
                                     62 	.globl _P1_7
                                     63 	.globl _P1_6
                                     64 	.globl _P1_5
                                     65 	.globl _P1_4
                                     66 	.globl _P1_3
                                     67 	.globl _P1_2
                                     68 	.globl _P1_1
                                     69 	.globl _P1_0
                                     70 	.globl _TF1
                                     71 	.globl _TR1
                                     72 	.globl _TF0
                                     73 	.globl _TR0
                                     74 	.globl _IE1
                                     75 	.globl _IT1
                                     76 	.globl _IE0
                                     77 	.globl _IT0
                                     78 	.globl _P0_7
                                     79 	.globl _P0_6
                                     80 	.globl _P0_5
                                     81 	.globl _P0_4
                                     82 	.globl _P0_3
                                     83 	.globl _P0_2
                                     84 	.globl _P0_1
                                     85 	.globl _P0_0
                                     86 	.globl _B
                                     87 	.globl _ACC
                                     88 	.globl _PSW
                                     89 	.globl _IP
                                     90 	.globl _P3
                                     91 	.globl _IE
                                     92 	.globl _P2
                                     93 	.globl _SBUF
                                     94 	.globl _SCON
                                     95 	.globl _P1
                                     96 	.globl _TH1
                                     97 	.globl _TH0
                                     98 	.globl _TL1
                                     99 	.globl _TL0
                                    100 	.globl _TMOD
                                    101 	.globl _TCON
                                    102 	.globl _PCON
                                    103 	.globl _DPH
                                    104 	.globl _DPL
                                    105 	.globl _SP
                                    106 	.globl _P0
                                    107 	.globl _ReadKeypad
                                    108 ;--------------------------------------------------------
                                    109 ; special function registers
                                    110 ;--------------------------------------------------------
                                    111 	.area RSEG    (ABS,DATA)
      000000                        112 	.org 0x0000
                           000080   113 _P0	=	0x0080
                           000081   114 _SP	=	0x0081
                           000082   115 _DPL	=	0x0082
                           000083   116 _DPH	=	0x0083
                           000087   117 _PCON	=	0x0087
                           000088   118 _TCON	=	0x0088
                           000089   119 _TMOD	=	0x0089
                           00008A   120 _TL0	=	0x008a
                           00008B   121 _TL1	=	0x008b
                           00008C   122 _TH0	=	0x008c
                           00008D   123 _TH1	=	0x008d
                           000090   124 _P1	=	0x0090
                           000098   125 _SCON	=	0x0098
                           000099   126 _SBUF	=	0x0099
                           0000A0   127 _P2	=	0x00a0
                           0000A8   128 _IE	=	0x00a8
                           0000B0   129 _P3	=	0x00b0
                           0000B8   130 _IP	=	0x00b8
                           0000D0   131 _PSW	=	0x00d0
                           0000E0   132 _ACC	=	0x00e0
                           0000F0   133 _B	=	0x00f0
                                    134 ;--------------------------------------------------------
                                    135 ; special function bits
                                    136 ;--------------------------------------------------------
                                    137 	.area RSEG    (ABS,DATA)
      000000                        138 	.org 0x0000
                           000080   139 _P0_0	=	0x0080
                           000081   140 _P0_1	=	0x0081
                           000082   141 _P0_2	=	0x0082
                           000083   142 _P0_3	=	0x0083
                           000084   143 _P0_4	=	0x0084
                           000085   144 _P0_5	=	0x0085
                           000086   145 _P0_6	=	0x0086
                           000087   146 _P0_7	=	0x0087
                           000088   147 _IT0	=	0x0088
                           000089   148 _IE0	=	0x0089
                           00008A   149 _IT1	=	0x008a
                           00008B   150 _IE1	=	0x008b
                           00008C   151 _TR0	=	0x008c
                           00008D   152 _TF0	=	0x008d
                           00008E   153 _TR1	=	0x008e
                           00008F   154 _TF1	=	0x008f
                           000090   155 _P1_0	=	0x0090
                           000091   156 _P1_1	=	0x0091
                           000092   157 _P1_2	=	0x0092
                           000093   158 _P1_3	=	0x0093
                           000094   159 _P1_4	=	0x0094
                           000095   160 _P1_5	=	0x0095
                           000096   161 _P1_6	=	0x0096
                           000097   162 _P1_7	=	0x0097
                           000098   163 _RI	=	0x0098
                           000099   164 _TI	=	0x0099
                           00009A   165 _RB8	=	0x009a
                           00009B   166 _TB8	=	0x009b
                           00009C   167 _REN	=	0x009c
                           00009D   168 _SM2	=	0x009d
                           00009E   169 _SM1	=	0x009e
                           00009F   170 _SM0	=	0x009f
                           0000A0   171 _P2_0	=	0x00a0
                           0000A1   172 _P2_1	=	0x00a1
                           0000A2   173 _P2_2	=	0x00a2
                           0000A3   174 _P2_3	=	0x00a3
                           0000A4   175 _P2_4	=	0x00a4
                           0000A5   176 _P2_5	=	0x00a5
                           0000A6   177 _P2_6	=	0x00a6
                           0000A7   178 _P2_7	=	0x00a7
                           0000A8   179 _EX0	=	0x00a8
                           0000A9   180 _ET0	=	0x00a9
                           0000AA   181 _EX1	=	0x00aa
                           0000AB   182 _ET1	=	0x00ab
                           0000AC   183 _ES	=	0x00ac
                           0000AF   184 _EA	=	0x00af
                           0000B0   185 _P3_0	=	0x00b0
                           0000B1   186 _P3_1	=	0x00b1
                           0000B2   187 _P3_2	=	0x00b2
                           0000B3   188 _P3_3	=	0x00b3
                           0000B4   189 _P3_4	=	0x00b4
                           0000B5   190 _P3_5	=	0x00b5
                           0000B6   191 _P3_6	=	0x00b6
                           0000B7   192 _P3_7	=	0x00b7
                           0000B0   193 _RXD	=	0x00b0
                           0000B1   194 _TXD	=	0x00b1
                           0000B2   195 _INT0	=	0x00b2
                           0000B3   196 _INT1	=	0x00b3
                           0000B4   197 _T0	=	0x00b4
                           0000B5   198 _T1	=	0x00b5
                           0000B6   199 _WR	=	0x00b6
                           0000B7   200 _RD	=	0x00b7
                           0000B8   201 _PX0	=	0x00b8
                           0000B9   202 _PT0	=	0x00b9
                           0000BA   203 _PX1	=	0x00ba
                           0000BB   204 _PT1	=	0x00bb
                           0000BC   205 _PS	=	0x00bc
                           0000D0   206 _P	=	0x00d0
                           0000D1   207 _F1	=	0x00d1
                           0000D2   208 _OV	=	0x00d2
                           0000D3   209 _RS0	=	0x00d3
                           0000D4   210 _RS1	=	0x00d4
                           0000D5   211 _F0	=	0x00d5
                           0000D6   212 _AC	=	0x00d6
                           0000D7   213 _CY	=	0x00d7
                                    214 ;--------------------------------------------------------
                                    215 ; overlayable register banks
                                    216 ;--------------------------------------------------------
                                    217 	.area REG_BANK_0	(REL,OVR,DATA)
      000000                        218 	.ds 8
                                    219 ;--------------------------------------------------------
                                    220 ; internal ram data
                                    221 ;--------------------------------------------------------
                                    222 	.area DSEG    (DATA)
                                    223 ;--------------------------------------------------------
                                    224 ; overlayable items in internal ram
                                    225 ;--------------------------------------------------------
                                    226 	.area	OSEG    (OVR,DATA)
      000000                        227 _ReadKeypad_numbers_10001_4:
      000000                        228 	.ds 16
      000010                        229 _ReadKeypad_c_20001_5:
      000010                        230 	.ds 1
      000011                        231 _ReadKeypad_r_40001_7:
      000011                        232 	.ds 1
                                    233 ;--------------------------------------------------------
                                    234 ; indirectly addressable internal ram data
                                    235 ;--------------------------------------------------------
                                    236 	.area ISEG    (DATA)
                                    237 ;--------------------------------------------------------
                                    238 ; absolute internal ram data
                                    239 ;--------------------------------------------------------
                                    240 	.area IABS    (ABS,DATA)
                                    241 	.area IABS    (ABS,DATA)
                                    242 ;--------------------------------------------------------
                                    243 ; bit data
                                    244 ;--------------------------------------------------------
                                    245 	.area BSEG    (BIT)
                                    246 ;--------------------------------------------------------
                                    247 ; paged external ram data
                                    248 ;--------------------------------------------------------
                                    249 	.area PSEG    (PAG,XDATA)
                                    250 ;--------------------------------------------------------
                                    251 ; uninitialized external ram data
                                    252 ;--------------------------------------------------------
                                    253 	.area XSEG    (XDATA)
                                    254 ;--------------------------------------------------------
                                    255 ; absolute external ram data
                                    256 ;--------------------------------------------------------
                                    257 	.area XABS    (ABS,XDATA)
                                    258 ;--------------------------------------------------------
                                    259 ; initialized external ram data
                                    260 ;--------------------------------------------------------
                                    261 	.area XISEG   (XDATA)
                                    262 	.area HOME    (CODE)
                                    263 	.area GSINIT0 (CODE)
                                    264 	.area GSINIT1 (CODE)
                                    265 	.area GSINIT2 (CODE)
                                    266 	.area GSINIT3 (CODE)
                                    267 	.area GSINIT4 (CODE)
                                    268 	.area GSINIT5 (CODE)
                                    269 	.area GSINIT  (CODE)
                                    270 	.area GSFINAL (CODE)
                                    271 	.area CSEG    (CODE)
                                    272 ;--------------------------------------------------------
                                    273 ; global & static initialisations
                                    274 ;--------------------------------------------------------
                                    275 	.area HOME    (CODE)
                                    276 	.area GSINIT  (CODE)
                                    277 	.area GSFINAL (CODE)
                                    278 	.area GSINIT  (CODE)
                                    279 ;--------------------------------------------------------
                                    280 ; Home
                                    281 ;--------------------------------------------------------
                                    282 	.area HOME    (CODE)
                                    283 	.area HOME    (CODE)
                                    284 ;--------------------------------------------------------
                                    285 ; code
                                    286 ;--------------------------------------------------------
                                    287 	.area CSEG    (CODE)
                                    288 ;------------------------------------------------------------
                                    289 ;Allocation info for local variables in function 'ReadKeypad'
                                    290 ;------------------------------------------------------------
                                    291 ;numbers                   Allocated with name '_ReadKeypad_numbers_10001_4'
                                    292 ;c                         Allocated with name '_ReadKeypad_c_20001_5'
                                    293 ;r                         Allocated with name '_ReadKeypad_r_40001_7'
                                    294 ;------------------------------------------------------------
                                    295 ;	Keypad.c:3: char ReadKeypad(void){
                                    296 ;	-----------------------------------------
                                    297 ;	 function ReadKeypad
                                    298 ;	-----------------------------------------
      000000                        299 _ReadKeypad:
                           000007   300 	ar7 = 0x07
                           000006   301 	ar6 = 0x06
                           000005   302 	ar5 = 0x05
                           000004   303 	ar4 = 0x04
                           000003   304 	ar3 = 0x03
                           000002   305 	ar2 = 0x02
                           000001   306 	ar1 = 0x01
                           000000   307 	ar0 = 0x00
                                    308 ;	Keypad.c:4: P0 = 0xFF;
      000000 75 80 FF         [24]  309 	mov	_P0,#0xff
                                    310 ;	Keypad.c:5: char numbers[4][4] = {
      000003 75*00 0C         [24]  311 	mov	_ReadKeypad_numbers_10001_4,#0x0c
      000006 75*01 08         [24]  312 	mov	(_ReadKeypad_numbers_10001_4 + 0x0001),#0x08
      000009 75*02 04         [24]  313 	mov	(_ReadKeypad_numbers_10001_4 + 0x0002),#0x04
      00000C 75*03 00         [24]  314 	mov	(_ReadKeypad_numbers_10001_4 + 0x0003),#0x00
      00000F 75*04 0D         [24]  315 	mov	(_ReadKeypad_numbers_10001_4 + 0x0004),#0x0d
      000012 75*05 09         [24]  316 	mov	(_ReadKeypad_numbers_10001_4 + 0x0005),#0x09
      000015 75*06 05         [24]  317 	mov	(_ReadKeypad_numbers_10001_4 + 0x0006),#0x05
      000018 75*07 01         [24]  318 	mov	(_ReadKeypad_numbers_10001_4 + 0x0007),#0x01
      00001B 75*08 0E         [24]  319 	mov	(_ReadKeypad_numbers_10001_4 + 0x0008),#0x0e
      00001E 75*09 0A         [24]  320 	mov	(_ReadKeypad_numbers_10001_4 + 0x0009),#0x0a
      000021 75*0A 06         [24]  321 	mov	(_ReadKeypad_numbers_10001_4 + 0x000a),#0x06
      000024 75*0B 02         [24]  322 	mov	(_ReadKeypad_numbers_10001_4 + 0x000b),#0x02
      000027 75*0C 0F         [24]  323 	mov	(_ReadKeypad_numbers_10001_4 + 0x000c),#0x0f
      00002A 75*0D 0B         [24]  324 	mov	(_ReadKeypad_numbers_10001_4 + 0x000d),#0x0b
      00002D 75*0E 07         [24]  325 	mov	(_ReadKeypad_numbers_10001_4 + 0x000e),#0x07
      000030 75*0F 03         [24]  326 	mov	(_ReadKeypad_numbers_10001_4 + 0x000f),#0x03
                                    327 ;	Keypad.c:12: for (char c = 0; c < 4; c++) {
      000033 7F 00            [12]  328 	mov	r7,#0x00
      000035 8F*10            [24]  329 	mov	_ReadKeypad_c_20001_5,r7
      000037                        330 00109$:
      000037 74 FC            [12]  331 	mov	a,#0x100 - 0x04
      000039 25*10            [12]  332 	add	a,_ReadKeypad_c_20001_5
      00003B 40 54            [24]  333 	jc	00104$
                                    334 ;	Keypad.c:13: P0 = ~(0x01 << c);
      00003D 85*10 F0         [24]  335 	mov	b,_ReadKeypad_c_20001_5
      000040 05 F0            [12]  336 	inc	b
      000042 74 01            [12]  337 	mov	a,#0x01
      000044 80 02            [24]  338 	sjmp	00145$
      000046                        339 00144$:
      000046 25 E0            [12]  340 	add	a,acc
      000048                        341 00145$:
      000048 D5 F0 FB         [24]  342 	djnz	b,00144$
      00004B F4               [12]  343 	cpl	a
      00004C F5 80            [12]  344 	mov	_P0,a
                                    345 ;	Keypad.c:15: for (char r = 0; r < 4; ++r) {
      00004E 7D 00            [12]  346 	mov	r5,#0x00
      000050 8D*11            [24]  347 	mov	_ReadKeypad_r_40001_7,r5
      000052                        348 00106$:
      000052 74 FC            [12]  349 	mov	a,#0x100 - 0x04
      000054 25*11            [12]  350 	add	a,_ReadKeypad_r_40001_7
      000056 40 33            [24]  351 	jc	00110$
                                    352 ;	Keypad.c:17: if ((P0 & (0x10 << r)) == 0) {
      000058 85*11 F0         [24]  353 	mov	b,_ReadKeypad_r_40001_7
      00005B 05 F0            [12]  354 	inc	b
      00005D 7A 10            [12]  355 	mov	r2,#0x10
      00005F 7B 00            [12]  356 	mov	r3,#0x00
      000061 80 06            [24]  357 	sjmp	00148$
      000063                        358 00147$:
      000063 EA               [12]  359 	mov	a,r2
      000064 2A               [12]  360 	add	a,r2
      000065 FA               [12]  361 	mov	r2,a
      000066 EB               [12]  362 	mov	a,r3
      000067 33               [12]  363 	rlc	a
      000068 FB               [12]  364 	mov	r3,a
      000069                        365 00148$:
      000069 D5 F0 F7         [24]  366 	djnz	b,00147$
      00006C AC 80            [24]  367 	mov	r4,_P0
      00006E 7E 00            [12]  368 	mov	r6,#0x00
      000070 EC               [12]  369 	mov	a,r4
      000071 52 02            [12]  370 	anl	ar2,a
      000073 EE               [12]  371 	mov	a,r6
      000074 52 03            [12]  372 	anl	ar3,a
      000076 EA               [12]  373 	mov	a,r2
      000077 4B               [12]  374 	orl	a,r3
      000078 70 0B            [24]  375 	jnz	00107$
                                    376 ;	Keypad.c:18: return numbers[c][r];
      00007A EF               [12]  377 	mov	a,r7
      00007B 2F               [12]  378 	add	a,r7
      00007C 25 E0            [12]  379 	add	a,acc
      00007E 24r00            [12]  380 	add	a,#_ReadKeypad_numbers_10001_4
      000080 2D               [12]  381 	add	a,r5
      000081 F9               [12]  382 	mov	r1,a
      000082 87 82            [24]  383 	mov	dpl,@r1
      000084 22               [24]  384 	ret
      000085                        385 00107$:
                                    386 ;	Keypad.c:15: for (char r = 0; r < 4; ++r) {
      000085 05*11            [12]  387 	inc	_ReadKeypad_r_40001_7
      000087 AD*11            [24]  388 	mov	r5,_ReadKeypad_r_40001_7
      000089 80 C7            [24]  389 	sjmp	00106$
      00008B                        390 00110$:
                                    391 ;	Keypad.c:12: for (char c = 0; c < 4; c++) {
      00008B 05*10            [12]  392 	inc	_ReadKeypad_c_20001_5
      00008D AF*10            [24]  393 	mov	r7,_ReadKeypad_c_20001_5
      00008F 80 A6            [24]  394 	sjmp	00109$
      000091                        395 00104$:
                                    396 ;	Keypad.c:23: return -1;
      000091 75 82 FF         [24]  397 	mov	dpl, #0xff
                                    398 ;	Keypad.c:24: }
      000094 22               [24]  399 	ret
                                    400 	.area CSEG    (CODE)
                                    401 	.area CONST   (CODE)
                                    402 	.area XINIT   (CODE)
                                    403 	.area CABS    (ABS,CODE)
